app/build_out/outputs/logs/manifest-merger-debug-report.txt
-- Merging decision tree log ---
application
INJECTED from src\main\AndroidManifest.xml:42:5-125:19
INJECTED from src\main\AndroidManifest.xml:42:5-125:19
MERGED from [com.google.android.libraries.places:places:3.3.0] AndroidManifest.xml:14:5-22:19
MERGED from [com.google.android.libraries.places:places:3.3.0] AndroidManifest.xml:14:5-22:19
MERGED from [androidx.health.connect:connect-client:1.1.0-rc02] AndroidManifest.xml:23:5-33:19
MERGED from [androidx.health.connect:connect-client:1.1.0-rc02] AndroidManifest.xml:23:5-33:19
MERGED from [androidx.compose.ui:ui-tooling-android:1.6.1] AndroidManifest.xml:22:5-26:19
MERGED from [androidx.compose.ui:ui-tooling-android:1.6.1] AndroidManifest.xml:22:5-26:19
MERGED from [androidx.compose.ui:ui-test-manifest:1.6.1] AndroidManifest.xml:22:5-26:19
MERGED from [androidx.compose.ui:ui-test-manifest:1.6.1] AndroidManifest.xml:22:5-26:19
MERGED from [com.google.android.gms:play-services-maps:18.2.0] AndroidManifest.xml:36:5-42:19
MERGED from [com.google.android.gms:play-services-maps:18.2.0] AndroidManifest.xml:36:5-42:19
MERGED from [com.google.android.gms:play-services-auth:20.7.0] AndroidManifest.xml:22:5-38:19
MERGED from [com.google.android.gms:play-services-auth:20.7.0] AndroidManifest.xml:22:5-38:19
MERGED from [com.google.android.gms:play-services-location:21.1.0] AndroidManifest.xml:7:5-20
MERGED from [com.google.android.gms:play-services-location:21.1.0] AndroidManifest.xml:7:5-20
MERGED from [com.google.android.gms:play-services-fitness:21.1.0] AndroidManifest.xml:22:5-26:19
MERGED from [com.google.android.gms:play-services-fitness:21.1.0] AndroidManifest.xml:22:5-26:19
MERGED from [com.google.android.gms:play-services-fido:20.0.1] AndroidManifest.xml:7:5-8:19
MERGED from [com.google.android.gms:play-services-fido:20.0.1] AndroidManifest.xml:7:5-8:19
MERGED from [com.google.android.gms:play-services-base:18.1.0] AndroidManifest.xml:19:5-23:19
MERGED from [com.google.android.gms:play-services-base:18.1.0] AndroidManifest.xml:19:5-23:19
MERGED from [androidx.emoji2:emoji2:1.3.0] AndroidManifest.xml:23:5-33:19
MERGED from [androidx.emoji2:emoji2:1.3.0] AndroidManifest.xml:23:5-33:19
MERGED from [androidx.lifecycle:lifecycle-process:2.7.0] AndroidManifest.xml:23:5-33:19
MERGED from [androidx.lifecycle:lifecycle-process:2.7.0] AndroidManifest.xml:23:5-33:19
MERGED from [com.google.android.gms:play-services-tasks:18.0.2] AndroidManifest.xml:5:5-20
MERGED from [com.google.android.gms:play-services-tasks:18.0.2] AndroidManifest.xml:5:5-20
MERGED from [com.google.android.gms:play-services-basement:18.2.0] AndroidManifest.xml:20:5-24:19
MERGED from [com.google.android.gms:play-services-basement:18.2.0] AndroidManifest.xml:20:5-24:19
MERGED from [androidx.core:core:1.13.0] AndroidManifest.xml:28:5-89
MERGED from [androidx.core:core:1.13.0] AndroidManifest.xml:28:5-89
MERGED from [androidx.profileinstaller:profileinstaller:1.3.1] AndroidManifest.xml:23:5-53:19
MERGED from [androidx.profileinstaller:profileinstaller:1.3.1] AndroidManifest.xml:23:5-53:19
MERGED from [com.google.android.datatransport:transport-backend-cct:2.3.0] AndroidManifest.xml:28:5-36:19
MERGED from [com.google.android.datatransport:transport-backend-cct:2.3.0] AndroidManifest.xml:28:5-36:19
MERGED from [com.google.android.datatransport:transport-runtime:2.2.3] AndroidManifest.xml:25:5-39:19
MERGED from [com.google.android.datatransport:transport-runtime:2.2.3] AndroidManifest.xml:25:5-39:19
MERGED from [androidx.versionedparcelable:versionedparcelable:1.1.1] AndroidManifest.xml:24:5-25:19
MERGED from [androidx.versionedparcelable:versionedparcelable:1.1.1] AndroidManifest.xml:24:5-25:19
MERGED from [androidx.startup:startup-runtime:1.1.1] AndroidManifest.xml:25:5-31:19
MERGED from [androidx.startup:startup-runtime:1.1.1] AndroidManifest.xml:25:5-31:19
	android:extractNativeLibs
		INJECTED from src\main\AndroidManifest.xml
	android:appComponentFactory
		ADDED from [androidx.core:core:1.13.0] AndroidManifest.xml:28:18-86
	android:supportsRtl
		ADDED from src\main\AndroidManifest.xml:49:9-35
	android:label
		ADDED from src\main\AndroidManifest.xml:47:9-41
	android:fullBackupContent
		ADDED from src\main\AndroidManifest.xml:45:9-54
	android:roundIcon
		ADDED from src\main\AndroidManifest.xml:48:9-45
	tools:targetApi
		ADDED from src\main\AndroidManifest.xml:53:9-29
	android:icon
		ADDED from src\main\AndroidManifest.xml:46:9-40
	android:allowBackup
		ADDED from src\main\AndroidManifest.xml:43:9-35
	android:theme
		ADDED from src\main\AndroidManifest.xml:50:9-48
	android:networkSecurityConfig
		ADDED from src\main\AndroidManifest.xml:51:9-69
	android:dataExtractionRules
		ADDED from src\main\AndroidManifest.xml:44:9-65
	android:usesCleartextTraffic
		INJECTED from src\main\AndroidManifest.xml
		ADDED from src\main\AndroidManifest.xml:52:9-56
manifest
ADDED from src\main\AndroidManifest.xml:1:1-127:12
INJECTED from src\main\AndroidManifest.xml:1:1-127:12
INJECTED from src\main\AndroidManifest.xml:1:1-127:12
INJECTED from src\main\AndroidManifest.xml:1:1-127:12
MERGED from [com.google.maps.android:maps-compose:4.3.0] AndroidManifest.xml:17:1-22:12
MERGED from [com.google.maps.android:maps-ktx:5.0.0] AndroidManifest.xml:18:1-23:12
MERGED from [androidx.databinding:viewbinding:8.13.0] AndroidManifest.xml:2:1-7:12
MERGED from [com.google.android.libraries.places:places:3.3.0] AndroidManifest.xml:2:1-24:12
MERGED from [io.coil-kt:coil-gif:2.5.0] AndroidManifest.xml:2:1-7:12
MERGED from [io.coil-kt:coil-compose:2.5.0] AndroidManifest.xml:2:1-7:12
MERGED from [io.coil-kt:coil-compose-base:2.5.0] AndroidManifest.xml:2:1-7:12
MERGED from [io.coil-kt:coil:2.5.0] AndroidManifest.xml:2:1-7:12
MERGED from [io.coil-kt:coil-base:2.5.0] AndroidManifest.xml:2:1-7:12
MERGED from [androidx.appcompat:appcompat-resources:1.7.1] AndroidManifest.xml:2:1-7:12
MERGED from [androidx.appcompat:appcompat:1.7.1] AndroidManifest.xml:2:1-7:12
MERGED from [androidx.navigation:navigation-common:2.7.7] AndroidManifest.xml:17:1-22:12
MERGED from [androidx.navigation:navigation-runtime:2.7.7] AndroidManifest.xml:17:1-22:12
MERGED from [androidx.navigation:navigation-common-ktx:2.7.7] AndroidManifest.xml:2:1-7:12
MERGED from [androidx.navigation:navigation-runtime-ktx:2.7.7] AndroidManifest.xml:2:1-7:12
MERGED from [androidx.navigation:navigation-compose:2.7.7] AndroidManifest.xml:2:1-7:12
MERGED from [androidx.health.connect:connect-client:1.1.0-rc02] AndroidManifest.xml:17:1-35:12
MERGED from [androidx.compose.material3:material3-android:1.2.0] AndroidManifest.xml:17:1-22:12
MERGED from [androidx.compose.material:material-android:1.6.1] AndroidManifest.xml:2:1-7:12
MERGED from [androidx.compose.material:material-icons-core-android:1.6.1] AndroidManifest.xml:2:1-7:12
MERGED from [androidx.compose.material:material-icons-extended-android:1.6.1] AndroidManifest.xml:2:1-7:12
MERGED from [androidx.compose.material:material-ripple-android:1.6.1] AndroidManifest.xml:2:1-7:12
MERGED from [androidx.compose.foundation:foundation-android:1.6.1] AndroidManifest.xml:2:1-7:12
MERGED from [androidx.compose.animation:animation-core-android:1.6.1] AndroidManifest.xml:2:1-7:12
MERGED from [androidx.compose.ui:ui-tooling-data-android:1.6.1] AndroidManifest.xml:2:1-7:12
MERGED from [androidx.compose.ui:ui-unit-android:1.6.1] AndroidManifest.xml:2:1-7:12
MERGED from [androidx.compose.ui:ui-geometry-android:1.6.1] AndroidManifest.xml:2:1-7:12
MERGED from [androidx.compose.ui:ui-text-android:1.6.1] AndroidManifest.xml:2:1-7:12
MERGED from [androidx.compose.ui:ui-util-android:1.6.1] AndroidManifest.xml:2:1-7:12
MERGED from [androidx.compose.ui:ui-tooling-preview-android:1.6.1] AndroidManifest.xml:17:1-22:12
MERGED from [androidx.compose.ui:ui-graphics-android:1.6.1] AndroidManifest.xml:2:1-7:12
MERGED from [androidx.compose.ui:ui-tooling-android:1.6.1] AndroidManifest.xml:17:1-28:12
MERGED from [androidx.compose.animation:animation-android:1.6.1] AndroidManifest.xml:2:1-7:12
MERGED from [androidx.compose.foundation:foundation-layout-android:1.6.1] AndroidManifest.xml:2:1-7:12
MERGED from [com.google.accompanist:accompanist-drawablepainter:0.32.0] AndroidManifest.xml:17:1-23:12
MERGED from [androidx.compose.ui:ui-android:1.6.1] AndroidManifest.xml:2:1-7:12
MERGED from [androidx.compose.ui:ui-test-manifest:1.6.1] AndroidManifest.xml:17:1-28:12
MERGED from [com.google.android.gms:play-services-maps:18.2.0] AndroidManifest.xml:17:1-44:12
MERGED from [com.google.android.gms:play-services-auth:20.7.0] AndroidManifest.xml:17:1-40:12
MERGED from [com.google.android.gms:play-services-location:21.1.0] AndroidManifest.xml:2:1-9:12
MERGED from [com.google.android.gms:play-services-fitness:21.1.0] AndroidManifest.xml:17:1-28:12
MERGED from [com.google.android.gms:play-services-auth-api-phone:18.0.1] AndroidManifest.xml:2:1-7:12
MERGED from [com.google.android.gms:play-services-auth-base:18.0.4] AndroidManifest.xml:2:1-7:12
MERGED from [com.google.android.gms:play-services-fido:20.0.1] AndroidManifest.xml:2:1-10:12
MERGED from [com.google.android.gms:play-services-base:18.1.0] AndroidManifest.xml:16:1-24:12
MERGED from [androidx.emoji2:emoji2-views-helper:1.3.0] AndroidManifest.xml:2:1-7:12
MERGED from [androidx.emoji2:emoji2:1.3.0] AndroidManifest.xml:17:1-35:12
MERGED from [androidx.savedstate:savedstate-ktx:1.2.1] AndroidManifest.xml:17:1-22:12
MERGED from [androidx.savedstate:savedstate:1.2.1] AndroidManifest.xml:17:1-22:12
MERGED from [androidx.lifecycle:lifecycle-livedata-core:2.7.0] AndroidManifest.xml:17:1-22:12
MERGED from [androidx.lifecycle:lifecycle-process:2.7.0] AndroidManifest.xml:17:1-35:12
MERGED from [androidx.lifecycle:lifecycle-viewmodel-savedstate:2.7.0] AndroidManifest.xml:17:1-22:12
MERGED from [androidx.lifecycle:lifecycle-livedata-core-ktx:2.7.0] AndroidManifest.xml:2:1-7:12
MERGED from [androidx.recyclerview:recyclerview:1.0.0] AndroidManifest.xml:17:1-22:12
MERGED from [androidx.legacy:legacy-support-core-ui:1.0.0] AndroidManifest.xml:17:1-22:12
MERGED from [androidx.legacy:legacy-support-core-utils:1.0.0] AndroidManifest.xml:17:1-22:12
MERGED from [androidx.loader:loader:1.0.0] AndroidManifest.xml:17:1-22:12
MERGED from [androidx.lifecycle:lifecycle-livedata:2.7.0] AndroidManifest.xml:17:1-22:12
MERGED from [androidx.lifecycle:lifecycle-viewmodel:2.7.0] AndroidManifest.xml:17:1-22:12
MERGED from [androidx.activity:activity-ktx:1.8.2] AndroidManifest.xml:2:1-7:12
MERGED from [androidx.lifecycle:lifecycle-viewmodel-ktx:2.7.0] AndroidManifest.xml:2:1-7:12
MERGED from [com.google.android.gms:play-services-tasks:18.0.2] AndroidManifest.xml:2:1-6:12
MERGED from [com.google.android.gms:play-services-basement:18.2.0] AndroidManifest.xml:16:1-26:12
MERGED from [androidx.fragment:fragment:1.5.4] AndroidManifest.xml:17:1-24:12
MERGED from [androidx.activity:activity:1.8.2] AndroidManifest.xml:17:1-22:12
MERGED from [androidx.activity:activity-compose:1.8.2] AndroidManifest.xml:2:1-7:12
MERGED from [androidx.compose.runtime:runtime-saveable-android:1.6.1] AndroidManifest.xml:2:1-7:12
MERGED from [androidx.compose.runtime:runtime-android:1.6.1] AndroidManifest.xml:2:1-7:12
MERGED from [androidx.compose.runtime:runtime-livedata:1.6.1] AndroidManifest.xml:2:1-7:12
MERGED from [androidx.browser:browser:1.7.0] AndroidManifest.xml:2:1-7:12
MERGED from [androidx.customview:customview-poolingcontainer:1.0.0] AndroidManifest.xml:17:1-23:12
MERGED from [androidx.core:core-ktx:1.13.0] AndroidManifest.xml:2:1-7:12
MERGED from [androidx.drawerlayout:drawerlayout:1.0.0] AndroidManifest.xml:17:1-22:12
MERGED from [androidx.vectordrawable:vectordrawable-animated:1.1.0] AndroidManifest.xml:17:1-24:12
MERGED from [androidx.vectordrawable:vectordrawable:1.1.0] AndroidManifest.xml:17:1-24:12
MERGED from [androidx.viewpager:viewpager:1.0.0] AndroidManifest.xml:17:1-22:12
MERGED from [androidx.coordinatorlayout:coordinatorlayout:1.0.0] AndroidManifest.xml:17:1-22:12
MERGED from [androidx.slidingpanelayout:slidingpanelayout:1.0.0] AndroidManifest.xml:17:1-22:12
MERGED from [androidx.customview:customview:1.0.0] AndroidManifest.xml:17:1-22:12
MERGED from [androidx.autofill:autofill:1.0.0] AndroidManifest.xml:17:1-24:12
MERGED from [androidx.swiperefreshlayout:swiperefreshlayout:1.0.0] AndroidManifest.xml:17:1-22:12
MERGED from [androidx.asynclayoutinflater:asynclayoutinflater:1.0.0] AndroidManifest.xml:17:1-22:12
MERGED from [androidx.core:core:1.13.0] AndroidManifest.xml:17:1-30:12
MERGED from [androidx.lifecycle:lifecycle-runtime:2.7.0] AndroidManifest.xml:2:1-7:12
MERGED from [androidx.lifecycle:lifecycle-runtime-compose:2.7.0] AndroidManifest.xml:2:1-7:12
MERGED from [androidx.lifecycle:lifecycle-viewmodel-compose:2.7.0] AndroidManifest.xml:2:1-7:12
MERGED from [androidx.lifecycle:lifecycle-runtime-ktx:2.7.0] AndroidManifest.xml:17:1-22:12
MERGED from [androidx.lifecycle:lifecycle-livedata-ktx:2.7.0] AndroidManifest.xml:2:1-7:12
MERGED from [androidx.annotation:annotation-experimental:1.4.0] AndroidManifest.xml:2:1-7:12
MERGED from [com.github.PhilJay:MPAndroidChart:v3.1.0] AndroidManifest.xml:2:1-20:12
MERGED from [androidx.cursoradapter:cursoradapter:1.0.0] AndroidManifest.xml:17:1-22:12
MERGED from [androidx.profileinstaller:profileinstaller:1.3.1] AndroidManifest.xml:17:1-55:12
MERGED from [androidx.interpolator:interpolator:1.0.0] AndroidManifest.xml:17:1-22:12
MERGED from [androidx.cardview:cardview:1.0.0] AndroidManifest.xml:17:1-22:12
MERGED from [com.google.android.datatransport:transport-backend-cct:2.3.0] AndroidManifest.xml:15:1-38:12
MERGED from [com.google.android.datatransport:transport-runtime:2.2.3] AndroidManifest.xml:15:1-41:12
MERGED from [androidx.versionedparcelable:versionedparcelable:1.1.1] AndroidManifest.xml:17:1-27:12
MERGED from [androidx.startup:startup-runtime:1.1.1] AndroidManifest.xml:17:1-33:12
MERGED from [androidx.arch.core:core-runtime:2.2.0] AndroidManifest.xml:17:1-22:12
MERGED from [androidx.tracing:tracing:1.0.0] AndroidManifest.xml:17:1-24:12
MERGED from [com.google.firebase:firebase-encoders-json:16.1.0] AndroidManifest.xml:15:1-23:12
MERGED from [androidx.exifinterface:exifinterface:1.3.6] AndroidManifest.xml:17:1-24:12
MERGED from [androidx.documentfile:documentfile:1.0.0] AndroidManifest.xml:17:1-22:12
MERGED from [androidx.localbroadcastmanager:localbroadcastmanager:1.0.0] AndroidManifest.xml:17:1-22:12
MERGED from [androidx.print:print:1.0.0] AndroidManifest.xml:17:1-22:12
MERGED from [com.android.volley:volley:1.2.1] AndroidManifest.xml:2:1-7:12
MERGED from [com.google.android.datatransport:transport-api:2.2.0] AndroidManifest.xml:15:1-22:12
	package
		INJECTED from src\main\AndroidManifest.xml
	android:versionName
		INJECTED from src\main\AndroidManifest.xml
	xmlns:tools
		ADDED from src\main\AndroidManifest.xml:2:5-51
	android:versionCode
		INJECTED from src\main\AndroidManifest.xml
	xmlns:android
		ADDED from src\main\AndroidManifest.xml:1:11-69
uses-permission#android.permission.INTERNET
ADDED from src\main\AndroidManifest.xml:4:5-67
MERGED from [com.google.android.libraries.places:places:3.3.0] AndroidManifest.xml:12:5-67
MERGED from [com.google.android.libraries.places:places:3.3.0] AndroidManifest.xml:12:5-67
MERGED from [com.google.android.gms:play-services-maps:18.2.0] AndroidManifest.xml:24:5-67
MERGED from [com.google.android.gms:play-services-maps:18.2.0] AndroidManifest.xml:24:5-67
MERGED from [com.google.android.datatransport:transport-backend-cct:2.3.0] AndroidManifest.xml:26:5-67
MERGED from [com.google.android.datatransport:transport-backend-cct:2.3.0] AndroidManifest.xml:26:5-67
	android:name
		ADDED from src\main\AndroidManifest.xml:4:22-64
uses-permission#android.permission.ACCESS_FINE_LOCATION
ADDED from src\main\AndroidManifest.xml:5:5-79
MERGED from [com.google.android.libraries.places:places:3.3.0] AndroidManifest.xml:10:5-79
MERGED from [com.google.android.libraries.places:places:3.3.0] AndroidManifest.xml:10:5-79
	android:name
		ADDED from src\main\AndroidManifest.xml:5:22-76
uses-permission#android.permission.ACCESS_COARSE_LOCATION
ADDED from src\main\AndroidManifest.xml:6:5-81
MERGED from [com.google.android.libraries.places:places:3.3.0] AndroidManifest.xml:9:5-81
MERGED from [com.google.android.libraries.places:places:3.3.0] AndroidManifest.xml:9:5-81
	android:name
		ADDED from src\main\AndroidManifest.xml:6:22-78
uses-permission#android.permission.ACTIVITY_RECOGNITION
ADDED from src\main\AndroidManifest.xml:7:5-79
	android:name
		ADDED from src\main\AndroidManifest.xml:7:22-76
uses-permission#android.permission.ACCESS_BACKGROUND_LOCATION
ADDED from src\main\AndroidManifest.xml:8:5-85
	android:name
		ADDED from src\main\AndroidManifest.xml:8:22-82
uses-permission#android.permission.WRITE_EXTERNAL_STORAGE
ADDED from src\main\AndroidManifest.xml:9:5-81
	android:name
		ADDED from src\main\AndroidManifest.xml:9:22-78
uses-permission#android.permission.READ_EXTERNAL_STORAGE
ADDED from src\main\AndroidManifest.xml:10:5-80
	android:name
		ADDED from src\main\AndroidManifest.xml:10:22-77
uses-permission#android.permission.BLUETOOTH
ADDED from src\main\AndroidManifest.xml:13:5-68
	android:name
		ADDED from src\main\AndroidManifest.xml:13:22-65
uses-permission#android.permission.BLUETOOTH_ADMIN
ADDED from src\main\AndroidManifest.xml:14:5-74
	android:name
		ADDED from src\main\AndroidManifest.xml:14:22-71
uses-permission#android.permission.BLUETOOTH_CONNECT
ADDED from src\main\AndroidManifest.xml:15:5-76
	android:name
		ADDED from src\main\AndroidManifest.xml:15:22-73
uses-permission#android.permission.BLUETOOTH_SCAN
ADDED from src\main\AndroidManifest.xml:16:5-73
	android:name
		ADDED from src\main\AndroidManifest.xml:16:22-70
uses-permission#android.permission.health.READ_STEPS
ADDED from src\main\AndroidManifest.xml:19:5-76
	android:name
		ADDED from src\main\AndroidManifest.xml:19:22-73
uses-permission#android.permission.health.WRITE_STEPS
ADDED from src\main\AndroidManifest.xml:20:5-77
	android:name
		ADDED from src\main\AndroidManifest.xml:20:22-74
uses-permission#android.permission.health.READ_DISTANCE
ADDED from src\main\AndroidManifest.xml:21:5-79
	android:name
		ADDED from src\main\AndroidManifest.xml:21:22-76
uses-permission#android.permission.health.WRITE_DISTANCE
ADDED from src\main\AndroidManifest.xml:22:5-80
	android:name
		ADDED from src\main\AndroidManifest.xml:22:22-77
uses-permission#android.permission.health.READ_ACTIVE_CALORIES_BURNED
ADDED from src\main\AndroidManifest.xml:23:5-93
	android:name
		ADDED from src\main\AndroidManifest.xml:23:22-90
uses-permission#android.permission.health.WRITE_ACTIVE_CALORIES_BURNED
ADDED from src\main\AndroidManifest.xml:24:5-94
	android:name
		ADDED from src\main\AndroidManifest.xml:24:22-91
uses-permission#android.permission.health.READ_TOTAL_CALORIES_BURNED
ADDED from src\main\AndroidManifest.xml:25:5-92
	android:name
		ADDED from src\main\AndroidManifest.xml:25:22-89
uses-permission#android.permission.health.WRITE_TOTAL_CALORIES_BURNED
ADDED from src\main\AndroidManifest.xml:26:5-93
	android:name
		ADDED from src\main\AndroidManifest.xml:26:22-90
uses-permission#android.permission.health.READ_EXERCISE
ADDED from src\main\AndroidManifest.xml:27:5-79
	android:name
		ADDED from src\main\AndroidManifest.xml:27:22-76
uses-permission#android.permission.health.WRITE_EXERCISE
ADDED from src\main\AndroidManifest.xml:28:5-80
	android:name
		ADDED from src\main\AndroidManifest.xml:28:22-77
uses-permission#android.permission.health.READ_HEART_RATE
ADDED from src\main\AndroidManifest.xml:29:5-81
	android:name
		ADDED from src\main\AndroidManifest.xml:29:22-78
uses-permission#android.permission.health.WRITE_HEART_RATE
ADDED from src\main\AndroidManifest.xml:30:5-82
	android:name
		ADDED from src\main\AndroidManifest.xml:30:22-79
uses-permission#android.permission.health.READ_SLEEP
ADDED from src\main\AndroidManifest.xml:32:5-76
	android:name
		ADDED from src\main\AndroidManifest.xml:32:22-73
uses-permission#android.permission.health.WRITE_SLEEP
ADDED from src\main\AndroidManifest.xml:33:5-77
	android:name
		ADDED from src\main\AndroidManifest.xml:33:22-74
queries
ADDED from src\main\AndroidManifest.xml:36:5-40:15
MERGED from [com.google.android.gms:play-services-maps:18.2.0] AndroidManifest.xml:30:5-34:15
MERGED from [com.google.android.gms:play-services-maps:18.2.0] AndroidManifest.xml:30:5-34:15
package#com.google.android.apps.healthdata
ADDED from src\main\AndroidManifest.xml:38:9-70
	android:name
		ADDED from src\main\AndroidManifest.xml:38:18-67
package#com.google.android.healthconnect.controller
ADDED from src\main\AndroidManifest.xml:39:9-79
	android:name
		ADDED from src\main\AndroidManifest.xml:39:18-76
meta-data#com.google.android.geo.API_KEY
ADDED from src\main\AndroidManifest.xml:56:9-58:71
	android:value
		ADDED from src\main\AndroidManifest.xml:58:13-68
	android:name
		ADDED from src\main\AndroidManifest.xml:57:13-58
meta-data#health_permissions
ADDED from src\main\AndroidManifest.xml:61:9-63:60
	android:resource
		ADDED from src\main\AndroidManifest.xml:63:13-57
	android:name
		ADDED from src\main\AndroidManifest.xml:62:13-46
activity#com.example.fitnessapp.MainActivity
ADDED from src\main\AndroidManifest.xml:65:9-79:20
	android:screenOrientation
		ADDED from src\main\AndroidManifest.xml:68:13-49
	android:exported
		ADDED from src\main\AndroidManifest.xml:67:13-36
	android:name
		ADDED from src\main\AndroidManifest.xml:66:13-41
intent-filter#action:name:android.intent.action.MAIN+category:name:android.intent.category.LAUNCHER
ADDED from src\main\AndroidManifest.xml:69:13-72:29
action#android.intent.action.MAIN
ADDED from src\main\AndroidManifest.xml:70:17-69
	android:name
		ADDED from src\main\AndroidManifest.xml:70:25-66
category#android.intent.category.LAUNCHER
ADDED from src\main\AndroidManifest.xml:71:17-77
	android:name
		ADDED from src\main\AndroidManifest.xml:71:27-74
intent-filter#action:name:androidx.health.ACTION_REQUEST_PERMISSIONS+category:name:android.intent.category.DEFAULT
ADDED from src\main\AndroidManifest.xml:75:13-78:29
action#androidx.health.ACTION_REQUEST_PERMISSIONS
ADDED from src\main\AndroidManifest.xml:76:17-85
	android:name
		ADDED from src\main\AndroidManifest.xml:76:25-82
category#android.intent.category.DEFAULT
ADDED from src\main\AndroidManifest.xml:77:17-76
	android:name
		ADDED from src\main\AndroidManifest.xml:77:27-73
activity#com.example.fitnessapp.activities.PermissionsRationaleActivity
ADDED from src\main\AndroidManifest.xml:81:9-87:20
	android:exported
		ADDED from src\main\AndroidManifest.xml:83:13-36
	android:name
		ADDED from src\main\AndroidManifest.xml:82:13-68
intent-filter#action:name:androidx.health.ACTION_SHOW_PERMISSIONS_RATIONALE
ADDED from src\main\AndroidManifest.xml:84:13-86:29
action#androidx.health.ACTION_SHOW_PERMISSIONS_RATIONALE
ADDED from src\main\AndroidManifest.xml:85:17-92
	android:name
		ADDED from src\main\AndroidManifest.xml:85:25-89
activity-alias#com.example.fitnessapp.ViewPermissionUsageActivity
ADDED from src\main\AndroidManifest.xml:90:9-99:26
	android:exported
		ADDED from src\main\AndroidManifest.xml:93:13-36
	android:targetActivity
		ADDED from src\main\AndroidManifest.xml:92:13-78
	android:permission
		ADDED from src\main\AndroidManifest.xml:94:13-80
	android:name
		ADDED from src\main\AndroidManifest.xml:91:13-55
intent-filter#action:name:android.intent.action.VIEW_PERMISSION_USAGE+category:name:android.intent.category.HEALTH_PERMISSIONS
ADDED from src\main\AndroidManifest.xml:95:13-98:29
action#android.intent.action.VIEW_PERMISSION_USAGE
ADDED from src\main\AndroidManifest.xml:96:17-86
	android:name
		ADDED from src\main\AndroidManifest.xml:96:25-83
category#android.intent.category.HEALTH_PERMISSIONS
ADDED from src\main\AndroidManifest.xml:97:17-87
	android:name
		ADDED from src\main\AndroidManifest.xml:97:27-84
activity#com.example.fitnessapp.StravaCallbackActivity
ADDED from src\main\AndroidManifest.xml:101:9-124:20
	android:exported
		ADDED from src\main\AndroidManifest.xml:103:13-36
	android:name
		ADDED from src\main\AndroidManifest.xml:102:13-51
intent-filter#action:name:android.intent.action.VIEW+category:name:android.intent.category.BROWSABLE+category:name:android.intent.category.DEFAULT+data:host:fitnessapp-production-60ee.up.railway.app+data:pathPrefix:/strava/callback+data:scheme:https
ADDED from src\main\AndroidManifest.xml:105:13-113:29
action#android.intent.action.VIEW
ADDED from src\main\AndroidManifest.xml:106:17-69
	android:name
		ADDED from src\main\AndroidManifest.xml:106:25-66
category#android.intent.category.BROWSABLE
ADDED from src\main\AndroidManifest.xml:108:17-78
	android:name
		ADDED from src\main\AndroidManifest.xml:108:27-75
data
ADDED from src\main\AndroidManifest.xml:109:17-112:61
	android:host
		ADDED from src\main\AndroidManifest.xml:111:21-77
	android:scheme
		ADDED from src\main\AndroidManifest.xml:110:21-43
	android:pathPrefix
		ADDED from src\main\AndroidManifest.xml:112:21-58
intent-filter#action:name:android.intent.action.VIEW+category:name:android.intent.category.BROWSABLE+category:name:android.intent.category.DEFAULT+data:host:strava+data:pathPrefix:/callback+data:scheme:fitnessapp
ADDED from src\main\AndroidManifest.xml:115:13-123:29
uses-sdk
INJECTED from src\main\AndroidManifest.xml reason: use-sdk injection requested
INJECTED from src\main\AndroidManifest.xml
INJECTED from src\main\AndroidManifest.xml
MERGED from [com.google.maps.android:maps-compose:4.3.0] AndroidManifest.xml:20:5-44
MERGED from [com.google.maps.android:maps-compose:4.3.0] AndroidManifest.xml:20:5-44
MERGED from [com.google.maps.android:maps-ktx:5.0.0] AndroidManifest.xml:21:5-44
MERGED from [com.google.maps.android:maps-ktx:5.0.0] AndroidManifest.xml:21:5-44
MERGED from [androidx.databinding:viewbinding:8.13.0] AndroidManifest.xml:5:5-44
MERGED from [androidx.databinding:viewbinding:8.13.0] AndroidManifest.xml:5:5-44
MERGED from [com.google.android.libraries.places:places:3.3.0] AndroidManifest.xml:7:5-44
MERGED from [com.google.android.libraries.places:places:3.3.0] AndroidManifest.xml:7:5-44
MERGED from [io.coil-kt:coil-gif:2.5.0] AndroidManifest.xml:5:5-44
MERGED from [io.coil-kt:coil-gif:2.5.0] AndroidManifest.xml:5:5-44
MERGED from [io.coil-kt:coil-compose:2.5.0] AndroidManifest.xml:5:5-44
MERGED from [io.coil-kt:coil-compose:2.5.0] AndroidManifest.xml:5:5-44
MERGED from [io.coil-kt:coil-compose-base:2.5.0] AndroidManifest.xml:5:5-44
MERGED from [io.coil-kt:coil-compose-base:2.5.0] AndroidManifest.xml:5:5-44
MERGED from [io.coil-kt:coil:2.5.0] AndroidManifest.xml:5:5-44
MERGED from [io.coil-kt:coil:2.5.0] AndroidManifest.xml:5:5-44
MERGED from [io.coil-kt:coil-base:2.5.0] AndroidManifest.xml:5:5-44
MERGED from [io.coil-kt:coil-base:2.5.0] AndroidManifest.xml:5:5-44
MERGED from [androidx.appcompat:appcompat-resources:1.7.1] AndroidManifest.xml:5:5-44
MERGED from [androidx.appcompat:appcompat-resources:1.7.1] AndroidManifest.xml:5:5-44
MERGED from [androidx.appcompat:appcompat:1.7.1] AndroidManifest.xml:5:5-44
MERGED from [androidx.appcompat:appcompat:1.7.1] AndroidManifest.xml:5:5-44
MERGED from [androidx.navigation:navigation-common:2.7.7] AndroidManifest.xml:20:5-44
MERGED from [androidx.navigation:navigation-common:2.7.7] AndroidManifest.xml:20:5-44
MERGED from [androidx.navigation:navigation-runtime:2.7.7] AndroidManifest.xml:20:5-44
MERGED from [androidx.navigation:navigation-runtime:2.7.7] AndroidManifest.xml:20:5-44
MERGED from [androidx.navigation:navigation-common-ktx:2.7.7] AndroidManifest.xml:5:5-44
MERGED from [androidx.navigation:navigation-common-ktx:2.7.7] AndroidManifest.xml:5:5-44
MERGED from [androidx.navigation:navigation-runtime-ktx:2.7.7] AndroidManifest.xml:5:5-44
MERGED from [androidx.navigation:navigation-runtime-ktx:2.7.7] AndroidManifest.xml:5:5-44
MERGED from [androidx.navigation:navigation-compose:2.7.7] AndroidManifest.xml:5:5-44
MERGED from [androidx.navigation:navigation-compose:2.7.7] AndroidManifest.xml:5:5-44
MERGED from [androidx.health.connect:connect-client:1.1.0-rc02] AndroidManifest.xml:21:5-44
MERGED from [androidx.health.connect:connect-client:1.1.0-rc02] AndroidManifest.xml:21:5-44
MERGED from [androidx.compose.material3:material3-android:1.2.0] AndroidManifest.xml:20:5-44
MERGED from [androidx.compose.material3:material3-android:1.2.0] AndroidManifest.xml:20:5-44
MERGED from [androidx.compose.material:material-android:1.6.1] AndroidManifest.xml:5:5-44
MERGED from [androidx.compose.material:material-android:1.6.1] AndroidManifest.xml:5:5-44
MERGED from [androidx.compose.material:material-icons-core-android:1.6.1] AndroidManifest.xml:5:5-44
MERGED from [androidx.compose.material:material-icons-core-android:1.6.1] AndroidManifest.xml:5:5-44
MERGED from [androidx.compose.material:material-icons-extended-android:1.6.1] AndroidManifest.xml:5:5-44
MERGED from [androidx.compose.material:material-icons-extended-android:1.6.1] AndroidManifest.xml:5:5-44
MERGED from [androidx.compose.material:material-ripple-android:1.6.1] AndroidManifest.xml:5:5-44
MERGED from [androidx.compose.material:material-ripple-android:1.6.1] AndroidManifest.xml:5:5-44
MERGED from [androidx.compose.foundation:foundation-android:1.6.1] AndroidManifest.xml:5:5-44
MERGED from [androidx.compose.foundation:foundation-android:1.6.1] AndroidManifest.xml:5:5-44
MERGED from [androidx.compose.animation:animation-core-android:1.6.1] AndroidManifest.xml:5:5-44
MERGED from [androidx.compose.animation:animation-core-android:1.6.1] AndroidManifest.xml:5:5-44
MERGED from [androidx.compose.ui:ui-tooling-data-android:1.6.1] AndroidManifest.xml:5:5-44
MERGED from [androidx.compose.ui:ui-tooling-data-android:1.6.1] AndroidManifest.xml:5:5-44
MERGED from [androidx.compose.ui:ui-unit-android:1.6.1] AndroidManifest.xml:5:5-44
MERGED from [androidx.compose.ui:ui-unit-android:1.6.1] AndroidManifest.xml:5:5-44
MERGED from [androidx.compose.ui:ui-geometry-android:1.6.1] AndroidManifest.xml:5:5-44
MERGED from [androidx.compose.ui:ui-geometry-android:1.6.1] AndroidManifest.xml:5:5-44